Compiled jquery.js  (3ms)  (pid 5624)
Compiled jquery_ujs.js  (0ms)  (pid 5624)
Compiled pages.js  (1363ms)  (pid 5624)
Compiled users.js  (142ms)  (pid 5624)
Compiled application.js  (1737ms)  (pid 5624)
Compiled blueprint/ie.css  (0ms)  (pid 5624)
Compiled blueprint/plugins/buttons/screen.css  (0ms)  (pid 5624)
Compiled blueprint/plugins/fancy-type/screen.css  (0ms)  (pid 5624)
Compiled blueprint/plugins/link-icons/screen.css  (0ms)  (pid 5624)
Compiled blueprint/plugins/rtl/screen.css  (0ms)  (pid 5624)
Compiled blueprint/print.css  (0ms)  (pid 5624)
Compiled blueprint/screen.css  (1ms)  (pid 5624)
Compiled blueprint/src/forms.css  (0ms)  (pid 5624)
Compiled blueprint/src/grid.css  (0ms)  (pid 5624)
Compiled blueprint/src/ie.css  (0ms)  (pid 5624)
Compiled blueprint/src/print.css  (0ms)  (pid 5624)
Compiled blueprint/src/reset.css  (0ms)  (pid 5624)
Compiled blueprint/src/typography.css  (1ms)  (pid 5624)
Compiled custom.css  (0ms)  (pid 5624)
Compiled pages.css  (24ms)  (pid 5624)
Compiled users.css  (2ms)  (pid 5624)
Compiled application.css  (332ms)  (pid 5624)
Compiled jquery.js  (1ms)  (pid 6028)
Compiled jquery_ujs.js  (0ms)  (pid 6028)
Compiled pages.js  (261ms)  (pid 6028)
Compiled users.js  (117ms)  (pid 6028)
Compiled application.js  (482ms)  (pid 6028)
Compiled blueprint/ie.css  (0ms)  (pid 6028)
Compiled blueprint/plugins/buttons/screen.css  (0ms)  (pid 6028)
Compiled blueprint/plugins/fancy-type/screen.css  (0ms)  (pid 6028)
Compiled blueprint/plugins/link-icons/screen.css  (0ms)  (pid 6028)
Compiled blueprint/plugins/rtl/screen.css  (1ms)  (pid 6028)
Compiled blueprint/print.css  (0ms)  (pid 6028)
Compiled blueprint/screen.css  (1ms)  (pid 6028)
Compiled blueprint/src/forms.css  (0ms)  (pid 6028)
Compiled blueprint/src/grid.css  (0ms)  (pid 6028)
Compiled blueprint/src/ie.css  (0ms)  (pid 6028)
Compiled blueprint/src/print.css  (0ms)  (pid 6028)
Compiled blueprint/src/reset.css  (0ms)  (pid 6028)
Compiled blueprint/src/typography.css  (0ms)  (pid 6028)
Compiled custom.css  (0ms)  (pid 6028)
Compiled pages.css  (26ms)  (pid 6028)
Compiled users.css  (1ms)  (pid 6028)
Compiled application.css  (338ms)  (pid 6028)
Compiled jquery.js  (3ms)  (pid 5876)
Compiled jquery_ujs.js  (0ms)  (pid 5876)
Compiled pages.js  (279ms)  (pid 5876)
Compiled users.js  (141ms)  (pid 5876)
Compiled application.js  (503ms)  (pid 5876)
Compiled blueprint/ie.css  (0ms)  (pid 5876)
Compiled blueprint/plugins/buttons/screen.css  (0ms)  (pid 5876)
Compiled blueprint/plugins/fancy-type/screen.css  (0ms)  (pid 5876)
Compiled blueprint/plugins/link-icons/screen.css  (1ms)  (pid 5876)
Compiled blueprint/plugins/rtl/screen.css  (0ms)  (pid 5876)
Compiled blueprint/print.css  (0ms)  (pid 5876)
Compiled blueprint/screen.css  (0ms)  (pid 5876)
Compiled blueprint/src/forms.css  (0ms)  (pid 5876)
Compiled blueprint/src/grid.css  (0ms)  (pid 5876)
Compiled blueprint/src/ie.css  (0ms)  (pid 5876)
Compiled blueprint/src/print.css  (0ms)  (pid 5876)
Compiled blueprint/src/reset.css  (1ms)  (pid 5876)
Compiled blueprint/src/typography.css  (0ms)  (pid 5876)
Compiled custom.css  (0ms)  (pid 5876)
Compiled pages.css  (8ms)  (pid 5876)
Compiled users.css  (1ms)  (pid 5876)
Compiled application.css  (349ms)  (pid 5876)
Compiled jquery.js  (3ms)  (pid 1912)
Compiled jquery_ujs.js  (0ms)  (pid 1912)
Compiled pages.js  (164ms)  (pid 1912)
Compiled users.js  (115ms)  (pid 1912)
Compiled application.js  (365ms)  (pid 1912)
Compiled blueprint/ie.css  (0ms)  (pid 1912)
Compiled blueprint/plugins/buttons/screen.css  (0ms)  (pid 1912)
Compiled blueprint/plugins/fancy-type/screen.css  (0ms)  (pid 1912)
Compiled blueprint/plugins/link-icons/screen.css  (0ms)  (pid 1912)
Compiled blueprint/plugins/rtl/screen.css  (1ms)  (pid 1912)
Compiled blueprint/print.css  (0ms)  (pid 1912)
Compiled blueprint/screen.css  (1ms)  (pid 1912)
Compiled blueprint/src/forms.css  (0ms)  (pid 1912)
Compiled blueprint/src/grid.css  (0ms)  (pid 1912)
Compiled blueprint/src/ie.css  (0ms)  (pid 1912)
Compiled blueprint/src/print.css  (0ms)  (pid 1912)
Compiled blueprint/src/reset.css  (0ms)  (pid 1912)
Compiled blueprint/src/typography.css  (0ms)  (pid 1912)
Compiled custom.css  (0ms)  (pid 1912)
Compiled pages.css  (24ms)  (pid 1912)
Compiled users.css  (1ms)  (pid 1912)
Compiled application.css  (276ms)  (pid 1912)
Compiled jquery.js  (4ms)  (pid 6052)
Compiled jquery_ujs.js  (0ms)  (pid 6052)
Compiled pages.js  (473ms)  (pid 6052)
Compiled users.js  (127ms)  (pid 6052)
Compiled application.js  (717ms)  (pid 6052)
Compiled blueprint/ie.css  (1ms)  (pid 6052)
Compiled blueprint/plugins/buttons/screen.css  (0ms)  (pid 6052)
Compiled blueprint/plugins/fancy-type/screen.css  (1ms)  (pid 6052)
Compiled blueprint/plugins/link-icons/screen.css  (0ms)  (pid 6052)
Compiled blueprint/plugins/rtl/screen.css  (0ms)  (pid 6052)
Compiled blueprint/print.css  (0ms)  (pid 6052)
Compiled blueprint/screen.css  (1ms)  (pid 6052)
Compiled blueprint/src/forms.css  (0ms)  (pid 6052)
Compiled blueprint/src/grid.css  (0ms)  (pid 6052)
Compiled blueprint/src/ie.css  (0ms)  (pid 6052)
Compiled blueprint/src/print.css  (0ms)  (pid 6052)
Compiled blueprint/src/reset.css  (0ms)  (pid 6052)
Compiled blueprint/src/typography.css  (0ms)  (pid 6052)
Compiled custom.css  (0ms)  (pid 6052)
Compiled pages.css  (8ms)  (pid 6052)
Compiled users.css  (1ms)  (pid 6052)
Compiled application.css  (284ms)  (pid 6052)
Compiled jquery.js  (3ms)  (pid 5712)
Compiled jquery_ujs.js  (0ms)  (pid 5712)
Compiled pages.js  (156ms)  (pid 5712)
Compiled users.js  (113ms)  (pid 5712)
Compiled application.js  (354ms)  (pid 5712)
Compiled blueprint/ie.css  (0ms)  (pid 5712)
Compiled blueprint/plugins/buttons/screen.css  (0ms)  (pid 5712)
Compiled blueprint/plugins/fancy-type/screen.css  (0ms)  (pid 5712)
Compiled blueprint/plugins/link-icons/screen.css  (0ms)  (pid 5712)
Compiled blueprint/plugins/rtl/screen.css  (1ms)  (pid 5712)
Compiled blueprint/print.css  (0ms)  (pid 5712)
Compiled blueprint/screen.css  (0ms)  (pid 5712)
Compiled blueprint/src/forms.css  (0ms)  (pid 5712)
Compiled blueprint/src/grid.css  (1ms)  (pid 5712)
Compiled blueprint/src/ie.css  (0ms)  (pid 5712)
Compiled blueprint/src/print.css  (0ms)  (pid 5712)
Compiled blueprint/src/reset.css  (0ms)  (pid 5712)
Compiled blueprint/src/typography.css  (0ms)  (pid 5712)
Compiled custom.css  (1ms)  (pid 5712)
Compiled pages.css  (24ms)  (pid 5712)
Compiled users.css  (2ms)  (pid 5712)
Compiled application.css  (279ms)  (pid 5712)
Compiled jquery.js  (1ms)  (pid 2180)
Compiled jquery_ujs.js  (0ms)  (pid 2180)
Compiled pages.js  (901ms)  (pid 2180)
Compiled products.js  (122ms)  (pid 2180)
Compiled sesiones.js  (110ms)  (pid 2180)
Compiled users.js  (114ms)  (pid 2180)
Compiled application.js  (1488ms)  (pid 2180)
Compiled jquery.js  (2ms)  (pid 7948)
Compiled jquery_ujs.js  (0ms)  (pid 7948)
Compiled pages.js  (478ms)  (pid 7948)
Compiled products.js  (153ms)  (pid 7948)
Compiled sesiones.js  (115ms)  (pid 7948)
Compiled users.js  (103ms)  (pid 7948)
Compiled application.js  (968ms)  (pid 7948)
Compiled blueprint/grid.css  (0ms)  (pid 7948)
Compiled blueprint/ie.css  (0ms)  (pid 7948)
Compiled blueprint/plugins/buttons/screen.css  (0ms)  (pid 7948)
Compiled blueprint/plugins/fancy-type/screen.css  (0ms)  (pid 7948)
Compiled blueprint/plugins/link-icons/screen.css  (0ms)  (pid 7948)
Compiled blueprint/plugins/rtl/screen.css  (0ms)  (pid 7948)
Compiled blueprint/print.css  (1ms)  (pid 7948)
Compiled blueprint/screen.css  (1ms)  (pid 7948)
Compiled blueprint/src/forms.css  (1ms)  (pid 7948)
Compiled blueprint/src/grid.css  (0ms)  (pid 7948)
Compiled blueprint/src/ie.css  (1ms)  (pid 7948)
Compiled blueprint/src/print.css  (0ms)  (pid 7948)
Compiled blueprint/src/reset.css  (0ms)  (pid 7948)
Compiled blueprint/src/typography.css  (0ms)  (pid 7948)
Compiled custom.css  (0ms)  (pid 7948)
Compiled pages.css  (24ms)  (pid 7948)
Compiled users.css  (3ms)  (pid 7948)
Compiled application.css  (1584ms)  (pid 7948)
Compiled jquery.js  (3ms)  (pid 6332)
Compiled pages.js  (149ms)  (pid 6332)
Compiled products.js  (252ms)  (pid 6332)
Compiled sesiones.js  (103ms)  (pid 6332)
Compiled users.js  (152ms)  (pid 6332)
Compiled application.js  (878ms)  (pid 6332)
Compiled jquery.js  (2ms)  (pid 3704)
Compiled jquery_ujs.js  (0ms)  (pid 3704)
Compiled pages.js  (295ms)  (pid 3704)
Compiled products.js  (101ms)  (pid 3704)
Compiled sesiones.js  (101ms)  (pid 3704)
Compiled users.js  (114ms)  (pid 3704)
Compiled application.js  (729ms)  (pid 3704)
Compiled blueprint/grid.css  (0ms)  (pid 3704)
Compiled blueprint/ie.css  (0ms)  (pid 3704)
Compiled blueprint/plugins/buttons/screen.css  (0ms)  (pid 3704)
Compiled blueprint/plugins/fancy-type/screen.css  (0ms)  (pid 3704)
Compiled blueprint/plugins/link-icons/screen.css  (0ms)  (pid 3704)
Compiled blueprint/plugins/rtl/screen.css  (0ms)  (pid 3704)
Compiled blueprint/print.css  (0ms)  (pid 3704)
Compiled blueprint/screen.css  (0ms)  (pid 3704)
Compiled blueprint/src/forms.css  (0ms)  (pid 3704)
Compiled blueprint/src/grid.css  (0ms)  (pid 3704)
Compiled blueprint/src/ie.css  (0ms)  (pid 3704)
Compiled blueprint/src/print.css  (0ms)  (pid 3704)
Compiled blueprint/src/reset.css  (1ms)  (pid 3704)
Compiled blueprint/src/typography.css  (0ms)  (pid 3704)
Compiled custom.css  (0ms)  (pid 3704)
Compiled pages.css  (7ms)  (pid 3704)
Compiled users.css  (2ms)  (pid 3704)
Compiled application.css  (682ms)  (pid 3704)
Compiled jquery.js  (1ms)  (pid 6752)
Compiled jquery_ujs.js  (0ms)  (pid 6752)
Compiled pages.js  (141ms)  (pid 6752)
Compiled products.js  (99ms)  (pid 6752)
Compiled sesiones.js  (101ms)  (pid 6752)
Compiled users.js  (100ms)  (pid 6752)
Compiled application.js  (548ms)  (pid 6752)
Compiled blueprint/grid.css  (0ms)  (pid 6752)
Compiled blueprint/ie.css  (0ms)  (pid 6752)
Compiled blueprint/plugins/buttons/screen.css  (0ms)  (pid 6752)
Compiled blueprint/plugins/fancy-type/screen.css  (0ms)  (pid 6752)
Compiled blueprint/plugins/link-icons/screen.css  (1ms)  (pid 6752)
Compiled blueprint/plugins/rtl/screen.css  (0ms)  (pid 6752)
Compiled blueprint/print.css  (0ms)  (pid 6752)
Compiled blueprint/screen.css  (0ms)  (pid 6752)
Compiled blueprint/src/forms.css  (0ms)  (pid 6752)
Compiled blueprint/src/grid.css  (0ms)  (pid 6752)
Compiled blueprint/src/ie.css  (0ms)  (pid 6752)
Compiled blueprint/src/print.css  (0ms)  (pid 6752)
Compiled blueprint/src/reset.css  (0ms)  (pid 6752)
Compiled blueprint/src/typography.css  (0ms)  (pid 6752)
Compiled custom.css  (0ms)  (pid 6752)
Compiled pages.css  (7ms)  (pid 6752)
Compiled users.css  (2ms)  (pid 6752)
Compiled application.css  (384ms)  (pid 6752)
Compiled jquery.js  (3ms)  (pid 1080)
Compiled jquery_ujs.js  (0ms)  (pid 1080)
Compiled pages.js  (2388ms)  (pid 1080)
Compiled products.js  (176ms)  (pid 1080)
Compiled sesiones.js  (119ms)  (pid 1080)
Compiled users.js  (140ms)  (pid 1080)
Compiled application.js  (3329ms)  (pid 1080)
Compiled blueprint/grid.css  (0ms)  (pid 1080)
Compiled blueprint/ie.css  (1ms)  (pid 1080)
Compiled blueprint/plugins/buttons/screen.css  (0ms)  (pid 1080)
Compiled blueprint/plugins/fancy-type/screen.css  (0ms)  (pid 1080)
Compiled blueprint/plugins/link-icons/screen.css  (0ms)  (pid 1080)
Compiled blueprint/plugins/rtl/screen.css  (1ms)  (pid 1080)
Compiled blueprint/print.css  (0ms)  (pid 1080)
Compiled blueprint/screen.css  (1ms)  (pid 1080)
Compiled blueprint/src/forms.css  (0ms)  (pid 1080)
Compiled blueprint/src/grid.css  (0ms)  (pid 1080)
Compiled blueprint/src/ie.css  (1ms)  (pid 1080)
Compiled blueprint/src/print.css  (0ms)  (pid 1080)
Compiled blueprint/src/reset.css  (0ms)  (pid 1080)
Compiled blueprint/src/typography.css  (0ms)  (pid 1080)
Compiled custom.css  (0ms)  (pid 1080)
Compiled pages.css  (28ms)  (pid 1080)
Compiled users.css  (2ms)  (pid 1080)
Compiled application.css  (575ms)  (pid 1080)
Compiled jquery.js  (3ms)  (pid 9012)
Compiled jquery_ujs.js  (0ms)  (pid 9012)
Compiled pages.js  (462ms)  (pid 9012)
Compiled products.js  (119ms)  (pid 9012)
Compiled sesiones.js  (102ms)  (pid 9012)
Compiled users.js  (100ms)  (pid 9012)
Compiled application.js  (896ms)  (pid 9012)
Compiled blueprint/grid.css  (0ms)  (pid 9012)
Compiled blueprint/ie.css  (0ms)  (pid 9012)
Compiled blueprint/plugins/buttons/screen.css  (0ms)  (pid 9012)
Compiled blueprint/plugins/fancy-type/screen.css  (0ms)  (pid 9012)
Compiled blueprint/plugins/link-icons/screen.css  (0ms)  (pid 9012)
Compiled blueprint/plugins/rtl/screen.css  (0ms)  (pid 9012)
Compiled blueprint/print.css  (1ms)  (pid 9012)
Compiled blueprint/screen.css  (0ms)  (pid 9012)
Compiled blueprint/src/forms.css  (0ms)  (pid 9012)
Compiled blueprint/src/grid.css  (0ms)  (pid 9012)
Compiled blueprint/src/ie.css  (0ms)  (pid 9012)
Compiled blueprint/src/print.css  (1ms)  (pid 9012)
Compiled blueprint/src/reset.css  (0ms)  (pid 9012)
Compiled blueprint/src/typography.css  (1ms)  (pid 9012)
Compiled custom.css  (0ms)  (pid 9012)
Compiled pages.css  (8ms)  (pid 9012)
Compiled users.css  (1ms)  (pid 9012)
Compiled application.css  (415ms)  (pid 9012)
Compiled jquery.js  (2ms)  (pid 8720)
Compiled jquery_ujs.js  (0ms)  (pid 8720)
Compiled pages.js  (161ms)  (pid 8720)
Compiled products.js  (111ms)  (pid 8720)
Compiled sesiones.js  (100ms)  (pid 8720)
Compiled users.js  (99ms)  (pid 8720)
Compiled application.js  (564ms)  (pid 8720)
Compiled blueprint/grid.css  (1ms)  (pid 8720)
Compiled blueprint/ie.css  (0ms)  (pid 8720)
Compiled blueprint/plugins/buttons/screen.css  (0ms)  (pid 8720)
Compiled blueprint/plugins/fancy-type/screen.css  (1ms)  (pid 8720)
Compiled blueprint/plugins/link-icons/screen.css  (1ms)  (pid 8720)
Compiled blueprint/plugins/rtl/screen.css  (0ms)  (pid 8720)
Compiled blueprint/print.css  (0ms)  (pid 8720)
Compiled blueprint/screen.css  (0ms)  (pid 8720)
Compiled blueprint/src/forms.css  (0ms)  (pid 8720)
Compiled blueprint/src/grid.css  (0ms)  (pid 8720)
Compiled blueprint/src/ie.css  (0ms)  (pid 8720)
Compiled blueprint/src/print.css  (0ms)  (pid 8720)
Compiled blueprint/src/reset.css  (1ms)  (pid 8720)
Compiled blueprint/src/typography.css  (0ms)  (pid 8720)
Compiled custom.css  (0ms)  (pid 8720)
Compiled pages.css  (142ms)  (pid 8720)
Compiled users.css  (1ms)  (pid 8720)
Compiled application.css  (2275ms)  (pid 8720)
Compiled jquery.js  (4ms)  (pid 364)
Compiled jquery_ujs.js  (0ms)  (pid 364)
Compiled bootstrap.min.js  (0ms)  (pid 364)
Compiled pages.js  (1731ms)  (pid 364)
Compiled products.js  (140ms)  (pid 364)
Compiled sesiones.js  (122ms)  (pid 364)
Compiled users.js  (108ms)  (pid 364)
Compiled application.js  (2354ms)  (pid 364)
Compiled custom.css  (0ms)  (pid 364)
Compiled pages.css  (23ms)  (pid 364)
Compiled users.css  (2ms)  (pid 364)
Compiled application.css  (87ms)  (pid 364)
Compiled jquery.js  (3ms)  (pid 6748)
Compiled jquery_ujs.js  (0ms)  (pid 6748)
Compiled bootstrap.min.js  (0ms)  (pid 6748)
Compiled pages.js  (178ms)  (pid 6748)
Compiled products.js  (118ms)  (pid 6748)
Compiled sesiones.js  (120ms)  (pid 6748)
Compiled users.js  (110ms)  (pid 6748)
Compiled application.js  (677ms)  (pid 6748)
Compiled custom.css  (0ms)  (pid 6748)
Compiled pages.css  (19ms)  (pid 6748)
Compiled users.css  (2ms)  (pid 6748)
Compiled application.css  (62ms)  (pid 6748)
Compiled jquery.js  (3ms)  (pid 7512)
Compiled jquery_ujs.js  (0ms)  (pid 7512)
Compiled bootstrap.js  (3ms)  (pid 7512)
Compiled pages.js  (1551ms)  (pid 7512)
Compiled products.js  (132ms)  (pid 7512)
Compiled sesiones.js  (118ms)  (pid 7512)
Compiled users.js  (112ms)  (pid 7512)
Compiled application.js  (2244ms)  (pid 7512)
Compiled custom.css  (0ms)  (pid 7512)
Compiled pages.css  (6ms)  (pid 7512)
Compiled users.css  (1ms)  (pid 7512)
Compiled application.css  (53ms)  (pid 7512)
Compiled jquery.js  (17ms)  (pid 8324)
Compiled jquery_ujs.js  (0ms)  (pid 8324)
Compiled bootstrap.js  (0ms)  (pid 8324)
Compiled pages.js  (245ms)  (pid 8324)
Compiled products.js  (141ms)  (pid 8324)
Compiled sesiones.js  (119ms)  (pid 8324)
Compiled users.js  (121ms)  (pid 8324)
Compiled application.js  (879ms)  (pid 8324)
Compiled custom.css  (52ms)  (pid 8324)
Compiled pages.css  (3ms)  (pid 8324)
Compiled users.css  (2ms)  (pid 8324)
Compiled application.css  (114ms)  (pid 8324)
Compiled jquery.js  (2ms)  (pid 8512)
Compiled jquery_ujs.js  (1ms)  (pid 8512)
Compiled bootstrap.js  (0ms)  (pid 8512)
Compiled pages.js  (201ms)  (pid 8512)
Compiled products.js  (188ms)  (pid 8512)
Compiled sesiones.js  (142ms)  (pid 8512)
Compiled users.js  (115ms)  (pid 8512)
Compiled application.js  (794ms)  (pid 8512)
Compiled custom.css  (60ms)  (pid 8512)
Compiled pages.css  (2ms)  (pid 8512)
Compiled users.css  (2ms)  (pid 8512)
Compiled application.css  (108ms)  (pid 8512)
Compiled jquery.js  (3ms)  (pid 8080)
Compiled jquery_ujs.js  (0ms)  (pid 8080)
Compiled bootstrap.js  (0ms)  (pid 8080)
Compiled pages.js  (1450ms)  (pid 8080)
Compiled products.js  (113ms)  (pid 8080)
Compiled sesiones.js  (159ms)  (pid 8080)
Compiled users.js  (106ms)  (pid 8080)
Compiled application.js  (2033ms)  (pid 8080)
Compiled bootstrap.css  (0ms)  (pid 8080)
Compiled custom.css  (0ms)  (pid 8080)
Compiled pages.css  (36ms)  (pid 8080)
Compiled products.css  (4ms)  (pid 8080)
Compiled scaffolds.css  (3ms)  (pid 8080)
Compiled sesiones.css  (3ms)  (pid 8080)
Compiled users.css  (1ms)  (pid 8080)
Compiled application.css  (237ms)  (pid 8080)
Compiled jquery.js  (3ms)  (pid 3532)
Compiled jquery_ujs.js  (1ms)  (pid 3532)
Compiled bootstrap.js  (12ms)  (pid 3532)
Compiled pages.js  (137ms)  (pid 3532)
Compiled products.js  (119ms)  (pid 3532)
Compiled sesiones.js  (104ms)  (pid 3532)
Compiled users.js  (173ms)  (pid 3532)
Compiled application.js  (804ms)  (pid 3532)
Compiled bootstrap.css  (0ms)  (pid 3532)
Compiled custom.css  (0ms)  (pid 3532)
Compiled pages.css  (7ms)  (pid 3532)
Compiled products.css  (1ms)  (pid 3532)
Compiled scaffolds.css  (1ms)  (pid 3532)
Compiled sesiones.css  (1ms)  (pid 3532)
Compiled users.css  (2ms)  (pid 3532)
Compiled application.css  (126ms)  (pid 3532)
